SERVER -> CLIENT: 220 smtp.gmail.com ESMTP a92af1059eb24-13b3c7ef188sm22867078c88.2 - gsmtp

CLIENT -> SERVER: EHLO localhost

SERVER -> CLIENT: 250-smtp.gmail.com at your service, [103.154.110.53]
250-SIZE 35882577
250-8BITMIME
250-STARTTLS
250-ENHANCEDSTATUSCODES
250-PIPELINING
250-CHUNKING
250 SMTPUTF8

CLIENT -> SERVER: STARTTLS

SERVER -> CLIENT: 220 2.0.0 Ready to start TLS

CLIENT -> SERVER: EHLO localhost

SERVER -> CLIENT: 250-smtp.gmail.com at your service, [103.154.110.53]
250-SIZE 35882577
250-8BITMIME
250-AUTH LOGIN PLAIN XOAUTH2 PLAIN-CLIENTTOKEN OAUTHBEARER XOAUTH
250-ENHANCEDSTATUSCODES
250-PIPELINING
250-CHUNKING
250 SMTPUTF8

CLIENT -> SERVER: AUTH LOGIN

SERVER -> CLIENT: 334 VXNlcm5hbWU6

CLIENT -> SERVER: [credentials hidden]
SERVER -> CLIENT: 334 UGFzc3dvcmQ6

CLIENT -> SERVER: [credentials hidden]
SERVER -> CLIENT: 535-5.7.8 Username and Password not accepted. For more information, go to
535 5.7.8  https://support.google.com/mail/?p=BadCredentials a92af1059eb24-13b3c7ef188sm22867078c88.2 - gsmtp

SMTP ERROR: Password command failed: 535-5.7.8 Username and Password not accepted. For more information, go to
535 5.7.8  https://support.google.com/mail/?p=BadCredentials a92af1059eb24-13b3c7ef188sm22867078c88.2 - gsmtp

SMTP Error: Could not authenticate.
CLIENT -> SERVER: QUIT

SERVER -> CLIENT: 221 2.0.0 closing connection a92af1059eb24-13b3c7ef188sm22867078c88.2 - gsmtp

SMTP Error: Could not authenticate.
SERVER -> CLIENT: 220 smtp.gmail.com ESMTP 5a478bee46e88-30f3d92c44bsm2758069eec.19 - gsmtp

CLIENT -> SERVER: EHLO localhost

SERVER -> CLIENT: 250-smtp.gmail.com at your service, [103.154.110.53]
250-SIZE 35882577
250-8BITMIME
250-STARTTLS
250-ENHANCEDSTATUSCODES
250-PIPELINING
250-CHUNKING
250 SMTPUTF8

CLIENT -> SERVER: STARTTLS

SERVER -> CLIENT: 220 2.0.0 Ready to start TLS

CLIENT -> SERVER: EHLO localhost

SERVER -> CLIENT: 250-smtp.gmail.com at your service, [103.154.110.53]
250-SIZE 35882577
250-8BITMIME
250-AUTH LOGIN PLAIN XOAUTH2 PLAIN-CLIENTTOKEN OAUTHBEARER XOAUTH
250-ENHANCEDSTATUSCODES
250-PIPELINING
250-CHUNKING
250 SMTPUTF8

CLIENT -> SERVER: AUTH LOGIN

SERVER -> CLIENT: 334 VXNlcm5hbWU6

CLIENT -> SERVER: [credentials hidden]
SERVER -> CLIENT: 334 UGFzc3dvcmQ6

CLIENT -> SERVER: [credentials hidden]
SERVER -> CLIENT: 235 2.7.0 Accepted

CLIENT -> SERVER: MAIL FROM:<wrkntnkintin@gmail.com>

SERVER -> CLIENT: 250 2.1.0 OK 5a478bee46e88-30f3d92c44bsm2758069eec.19 - gsmtp

CLIENT -> SERVER: RCPT TO:<wrkntnkintin@gmail.com>

SERVER -> CLIENT: 250 2.1.5 OK 5a478bee46e88-30f3d92c44bsm2758069eec.19 - gsmtp

CLIENT -> SERVER: DATA

SERVER -> CLIENT: 354 Go ahead 5a478bee46e88-30f3d92c44bsm2758069eec.19 - gsmtp

CLIENT -> SERVER: Date: Fri, 3 Jul 2026 23:43:40 +0200

CLIENT -> SERVER: To: Yoonsky <wrkntnkintin@gmail.com>

CLIENT -> SERVER: From: YOLAZCAKE Sintang <wrkntnkintin@gmail.com>

CLIENT -> SERVER: Subject: Kode OTP Reset Password - YOLAZCAKE Sintang

CLIENT -> SERVER: Message-ID: <l0ZOTbxkygeTQQeCW9IaHrEIIPgL8qmYjzxBLKeW4@localhost>

CLIENT -> SERVER: X-Mailer: PHPMailer 6.9.1 (https://github.com/PHPMailer/PHPMailer)

CLIENT -> SERVER: MIME-Version: 1.0

CLIENT -> SERVER: Content-Type: multipart/alternative;

CLIENT -> SERVER:  boundary="b1=_l0ZOTbxkygeTQQeCW9IaHrEIIPgL8qmYjzxBLKeW4"

CLIENT -> SERVER: Content-Transfer-Encoding: 8bit

CLIENT -> SERVER: 

CLIENT -> SERVER: --b1=_l0ZOTbxkygeTQQeCW9IaHrEIIPgL8qmYjzxBLKeW4

CLIENT -> SERVER: Content-Type: text/plain; charset=us-ascii

CLIENT -> SERVER: 

CLIENT -> SERVER: Halo Yoonsky,

CLIENT -> SERVER: 

CLIENT -> SERVER: Kode OTP untuk reset password akun YOLAZCAKE Sintang kamu adalah: 935223

CLIENT -> SERVER: Kode ini berlaku selama 5 menit. Jangan berikan kode ini ke siapa pun.

CLIENT -> SERVER: 

CLIENT -> SERVER: Jika kamu tidak meminta reset password, abaikan email ini.

CLIENT -> SERVER: 

CLIENT -> SERVER: --b1=_l0ZOTbxkygeTQQeCW9IaHrEIIPgL8qmYjzxBLKeW4

CLIENT -> SERVER: Content-Type: text/html; charset=us-ascii

CLIENT -> SERVER: 

CLIENT -> SERVER: <div style="font-family: Arial, sans-serif; background:#2b1a11; padding:32px 16px;">

CLIENT -> SERVER:   <div style="max-width:420px; margin:0 auto; background:#ffffff; border-radius:16px; overflow:hidden;">

CLIENT -> SERVER:     <div style="background:linear-gradient(135deg,#D4AF37,#b8860b); padding:20px; text-align:center;">

CLIENT -> SERVER:       <h1 style="margin:0; color:#1e0e0a; font-size:20px;">YOLAZCAKE Sintang</h1>

CLIENT -> SERVER:     </div>

CLIENT -> SERVER:     <div style="padding:28px 24px; color:#333;">

CLIENT -> SERVER:       <p style="margin:0 0 12px;">Halo <strong>Yoonsky</strong>,</p>

CLIENT -> SERVER:       <p style="margin:0 0 20px;">Kami menerima permintaan reset password untuk akun kamu. Gunakan kode OTP di bawah ini untuk melanjutkan:</p>

CLIENT -> SERVER:       <div style="text-align:center; margin:24px 0;">

CLIENT -> SERVER:         <span style="display:inline-block; padding:14px 28px; background:#FFF3E0; border:2px dashed #D4AF37; border-radius:12px; font-size:28px; font-weight:bold; letter-spacing:8px; color:#6D4C41;">935223</span>

CLIENT -> SERVER:       </div>

CLIENT -> SERVER:       <p style="margin:0 0 8px; font-size:14px; color:#666;">Kode ini berlaku selama <strong>5 menit</strong>.</p>

CLIENT -> SERVER:       <p style="margin:0; font-size:13px; color:#999;">Jika kamu tidak meminta reset password, abaikan saja email ini. Jangan bagikan kode ini ke siapa pun, termasuk pihak yang mengaku dari YOLAZCAKE.</p>

CLIENT -> SERVER:     </div>

CLIENT -> SERVER:   </div>

CLIENT -> SERVER: </div>

CLIENT -> SERVER: 

CLIENT -> SERVER: 

CLIENT -> SERVER: --b1=_l0ZOTbxkygeTQQeCW9IaHrEIIPgL8qmYjzxBLKeW4--

CLIENT -> SERVER: 

CLIENT -> SERVER: .

SERVER -> CLIENT: 250 2.0.0 OK  1783115027 5a478bee46e88-30f3d92c44bsm2758069eec.19 - gsmtp

CLIENT -> SERVER: QUIT

SERVER -> CLIENT: 221 2.0.0 closing connection 5a478bee46e88-30f3d92c44bsm2758069eec.19 - gsmtp

SERVER -> CLIENT: 220 smtp.gmail.com ESMTP 5a478bee46e88-30f0bb843fasm33663921eec.18 - gsmtp

CLIENT -> SERVER: EHLO localhost

SERVER -> CLIENT: 250-smtp.gmail.com at your service, [9.154.179.83]
250-SIZE 35882577
250-8BITMIME
250-STARTTLS
250-ENHANCEDSTATUSCODES
250-PIPELINING
250-CHUNKING
250 SMTPUTF8

CLIENT -> SERVER: STARTTLS

SERVER -> CLIENT: 220 2.0.0 Ready to start TLS

CLIENT -> SERVER: EHLO localhost

SERVER -> CLIENT: 250-smtp.gmail.com at your service, [9.154.179.83]
250-SIZE 35882577
250-8BITMIME
250-AUTH LOGIN PLAIN XOAUTH2 PLAIN-CLIENTTOKEN OAUTHBEARER XOAUTH
250-ENHANCEDSTATUSCODES
250-PIPELINING
250-CHUNKING
250 SMTPUTF8

CLIENT -> SERVER: AUTH LOGIN

SERVER -> CLIENT: 334 VXNlcm5hbWU6

CLIENT -> SERVER: [credentials hidden]
SERVER -> CLIENT: 334 UGFzc3dvcmQ6

CLIENT -> SERVER: [credentials hidden]
SERVER -> CLIENT: 235 2.7.0 Accepted

CLIENT -> SERVER: MAIL FROM:<wrkntnkintin@gmail.com>

SERVER -> CLIENT: 250 2.1.0 OK 5a478bee46e88-30f0bb843fasm33663921eec.18 - gsmtp

CLIENT -> SERVER: RCPT TO:<wrkntnkintin@gmail.com>

SERVER -> CLIENT: 250 2.1.5 OK 5a478bee46e88-30f0bb843fasm33663921eec.18 - gsmtp

CLIENT -> SERVER: DATA

SERVER -> CLIENT: 354 Go ahead 5a478bee46e88-30f0bb843fasm33663921eec.18 - gsmtp

CLIENT -> SERVER: Date: Sat, 4 Jul 2026 19:33:58 +0200

CLIENT -> SERVER: To: Yoonsky <wrkntnkintin@gmail.com>

CLIENT -> SERVER: From: YOLAZCAKE Sintang <wrkntnkintin@gmail.com>

CLIENT -> SERVER: Subject: Kode OTP Reset Password - YOLAZCAKE Sintang

CLIENT -> SERVER: Message-ID: <gLbFJJOdwqXoE3xh9tsA40ALpp3Xp7jMrP5bouPsjo@localhost>

CLIENT -> SERVER: X-Mailer: PHPMailer 6.9.1 (https://github.com/PHPMailer/PHPMailer)

CLIENT -> SERVER: MIME-Version: 1.0

CLIENT -> SERVER: Content-Type: multipart/alternative;

CLIENT -> SERVER:  boundary="b1=_gLbFJJOdwqXoE3xh9tsA40ALpp3Xp7jMrP5bouPsjo"

CLIENT -> SERVER: Content-Transfer-Encoding: 8bit

CLIENT -> SERVER: 

CLIENT -> SERVER: --b1=_gLbFJJOdwqXoE3xh9tsA40ALpp3Xp7jMrP5bouPsjo

CLIENT -> SERVER: Content-Type: text/plain; charset=us-ascii

CLIENT -> SERVER: 

CLIENT -> SERVER: Halo Yoonsky,

CLIENT -> SERVER: 

CLIENT -> SERVER: Kode OTP untuk reset password akun YOLAZCAKE Sintang kamu adalah: 827404

CLIENT -> SERVER: Kode ini berlaku selama 5 menit. Jangan berikan kode ini ke siapa pun.

CLIENT -> SERVER: 

CLIENT -> SERVER: Jika kamu tidak meminta reset password, abaikan email ini.

CLIENT -> SERVER: 

CLIENT -> SERVER: --b1=_gLbFJJOdwqXoE3xh9tsA40ALpp3Xp7jMrP5bouPsjo

CLIENT -> SERVER: Content-Type: text/html; charset=us-ascii

CLIENT -> SERVER: 

CLIENT -> SERVER: <div style="font-family: Arial, sans-serif; background:#2b1a11; padding:32px 16px;">

CLIENT -> SERVER:   <div style="max-width:420px; margin:0 auto; background:#ffffff; border-radius:16px; overflow:hidden;">

CLIENT -> SERVER:     <div style="background:linear-gradient(135deg,#D4AF37,#b8860b); padding:20px; text-align:center;">

CLIENT -> SERVER:       <h1 style="margin:0; color:#1e0e0a; font-size:20px;">YOLAZCAKE Sintang</h1>

CLIENT -> SERVER:     </div>

CLIENT -> SERVER:     <div style="padding:28px 24px; color:#333;">

CLIENT -> SERVER:       <p style="margin:0 0 12px;">Halo <strong>Yoonsky</strong>,</p>

CLIENT -> SERVER:       <p style="margin:0 0 20px;">Kami menerima permintaan reset password untuk akun kamu. Gunakan kode OTP di bawah ini untuk melanjutkan:</p>

CLIENT -> SERVER:       <div style="text-align:center; margin:24px 0;">

CLIENT -> SERVER:         <span style="display:inline-block; padding:14px 28px; background:#FFF3E0; border:2px dashed #D4AF37; border-radius:12px; font-size:28px; font-weight:bold; letter-spacing:8px; color:#6D4C41;">827404</span>

CLIENT -> SERVER:       </div>

CLIENT -> SERVER:       <p style="margin:0 0 8px; font-size:14px; color:#666;">Kode ini berlaku selama <strong>5 menit</strong>.</p>

CLIENT -> SERVER:       <p style="margin:0; font-size:13px; color:#999;">Jika kamu tidak meminta reset password, abaikan saja email ini. Jangan bagikan kode ini ke siapa pun, termasuk pihak yang mengaku dari YOLAZCAKE.</p>

CLIENT -> SERVER:     </div>

CLIENT -> SERVER:   </div>

CLIENT -> SERVER: </div>

CLIENT -> SERVER: 

CLIENT -> SERVER: 

CLIENT -> SERVER: --b1=_gLbFJJOdwqXoE3xh9tsA40ALpp3Xp7jMrP5bouPsjo--

CLIENT -> SERVER: 

CLIENT -> SERVER: .

SERVER -> CLIENT: 250 2.0.0 OK  1783186453 5a478bee46e88-30f0bb843fasm33663921eec.18 - gsmtp

CLIENT -> SERVER: QUIT

SERVER -> CLIENT: 221 2.0.0 closing connection 5a478bee46e88-30f0bb843fasm33663921eec.18 - gsmtp

